<?xml version="1.0" encoding="UTF-8"?>
<!-- Generated by org.testng.reporters.JUnitReportReporter -->
<testsuite hostname="RockOil" failures="0" tests="2" name="WDM.WebDriverManagerEX" time="17.638" errors="0" timestamp="2021-04-25T14:45:17 CDT" skipped="0">
  <testcase classname="WDM.WebDriverManagerEX" name="weManager" time="10.569"/>
  <system-out/>
  <testcase classname="WDM.WebDriverManagerEX" name="weManagerFireFox" time="7.069"/>
  <system-out/>
</testsuite> <!-- WDM.WebDriverManagerEX -->
